1629828180852	geckodriver	INFO	Listening on 127.0.0.1:50647
1629828183922	mozrunner::runner	INFO	Running command: "C:\\Program Files\\Mozilla Firefox\\firefox.exe" "--marionette" "-foreground" "-no-remote" "-profile" "C:\\Users\\nilot\\AppData\\Local\\Temp\\rust_mozprofile7wZx3u"
1629828184492	Marionette	INFO	Marionette enabled
console.warn: SearchSettings: "get: No settings file exists, new profile?" (new NotFoundError("Could not open the file at C:\\Users\\nilot\\AppData\\Local\\Temp\\rust_mozprofile7wZx3u\\search.json.mozlz4", (void 0)))
1629828186567	Marionette	INFO	Listening on port 50655
1629828187004	RemoteAgent	WARN	TLS certificate errors will be ignored for this session
1629828193877	Marionette	INFO	Stopped listening on port 50655
JavaScript error: resource:///modules/Interactions.jsm, line 209: NS_ERROR_FAILURE: Component returned failure code: 0x80004005 (NS_ERROR_FAILURE) [nsIUserIdleService.removeIdleObserver]

###!!! [Parent][RunMessage] Error: Channel closing: too late to send/recv, messages will be lost

1629828194381	geckodriver	INFO	Listening on 127.0.0.1:50704
1629828197418	mozrunner::runner	INFO	Running command: "C:\\Program Files\\Mozilla Firefox\\firefox.exe" "--marionette" "-foreground" "-no-remote" "-profile" "C:\\Users\\nilot\\AppData\\Local\\Temp\\rust_mozprofileMIhgdT"
1629828197751	Marionette	INFO	Marionette enabled
console.warn: SearchSettings: "get: No settings file exists, new profile?" (new NotFoundError("Could not open the file at C:\\Users\\nilot\\AppData\\Local\\Temp\\rust_mozprofileMIhgdT\\search.json.mozlz4", (void 0)))
1629828199792	Marionette	INFO	Listening on port 50712
1629828200090	RemoteAgent	WARN	TLS certificate errors will be ignored for this session
1629828218222	Marionette	INFO	Stopped listening on port 50712
JavaScript error: resource:///modules/Interactions.jsm, line 209: NS_ERROR_FAILURE: Component returned failure code: 0x80004005 (NS_ERROR_FAILURE) [nsIUserIdleService.removeIdleObserver]

###!!! [Parent][RunMessage] Error: Channel closing: too late to send/recv, messages will be lost

1629828656271	geckodriver	INFO	Listening on 127.0.0.1:54701
1629828659325	mozrunner::runner	INFO	Running command: "C:\\Program Files\\Mozilla Firefox\\firefox.exe" "--marionette" "-foreground" "-no-remote" "-profile" "C:\\Users\\nilot\\AppData\\Local\\Temp\\rust_mozprofileF0drJF"
1629828659653	Marionette	INFO	Marionette enabled
console.warn: SearchSettings: "get: No settings file exists, new profile?" (new NotFoundError("Could not open the file at C:\\Users\\nilot\\AppData\\Local\\Temp\\rust_mozprofileF0drJF\\search.json.mozlz4", (void 0)))
1629828661483	Marionette	INFO	Listening on port 54709
1629828662002	RemoteAgent	WARN	TLS certificate errors will be ignored for this session
1629828708302	Marionette	INFO	Stopped listening on port 54709
JavaScript error: resource:///modules/Interactions.jsm, line 209: NS_ERROR_FAILURE: Component returned failure code: 0x80004005 (NS_ERROR_FAILURE) [nsIUserIdleService.removeIdleObserver]

###!!! [Parent][RunMessage] Error: Channel closing: too late to send/recv, messages will be lost

ttings: "get: No settings file exists, new profile?" (new NotFoundError("Could not open the file at C:\\Users\\nilot\\AppData\\Local\\Temp\\rust_mozprofileLG3qQx\\search.json.mozlz4", (void 0)))
1629828667329	Marionette	INFO	Listening on port 54757
[Parent 6616, IPC I/O Parent] WARNING: pipe error: 232: file /builds/worker/checkouts/gecko/ipc/chromium/src/chrome/common/ipc_channel_win.cc:544
1629828667829	RemoteAgent	WARN	TLS certificate errors will be ignored for this session
1629828706776	Marionette	INFO	Stopped listening on port 54757
JavaScript error: resource:///modules/Interactions.jsm, line 209: NS_ERROR_FAILURE: Component returned failure code: 0x80004005 (NS_ERROR_FAILURE) [nsIUserIdleService.removeIdleObserver]

###!!! [Parent][RunMessage] Error: Channel closing: too late to send/recv, messages will be lost

1629828767313	geckodriver	INFO	Listening on 127.0.0.1:57989
1629828770409	mozrunner::runner	INFO	Running command: "C:\\Program Files\\Mozilla Firefox\\firefox.exe" "--marionette" "-foreground" "-no-remote" "-profile" "C:\\Users\\nilot\\AppData\\Local\\Temp\\rust_mozprofileNm6YSG"
1629828770725	Marionette	INFO	Marionette enabled
console.warn: SearchSettings: "get: No settings file exists, new profile?" (new NotFoundError("Could not open the file at C:\\Users\\nilot\\AppData\\Local\\Temp\\rust_mozprofileNm6YSG\\search.json.mozlz4", (void 0)))
1629828772765	Marionette	INFO	Listening on port 57997
1629828773097	RemoteAgent	WARN	TLS certificate errors will be ignored for this session
1629828779750	Marionette	INFO	Stopped listening on port 57997
JavaScript error: resource:///modules/Interactions.jsm, line 209: NS_ERROR_FAILURE: Component returned failure code: 0x80004005 (NS_ERROR_FAILURE) [nsIUserIdleService.removeIdleObserver]

###!!! [Parent][RunMessage] Error: Channel closing: too late to send/recv, messages will be lost

1629828780236	geckodriver	INFO	Listening on 127.0.0.1:58046
1629828783322	mozrunner::runner	INFO	Running command: "C:\\Program Files\\Mozilla Firefox\\firefox.exe" "--marionette" "-foreground" "-no-remote" "-profile" "C:\\Users\\nilot\\AppData\\Local\\Temp\\rust_mozprofileP9ebuC"
1629828783645	Marionette	INFO	Marionette enabled
console.warn: SearchSettings: "get: No settings file exists, new profile?" (new NotFoundError("Could not open the file at C:\\Users\\nilot\\AppData\\Local\\Temp\\rust_mozprofileP9ebuC\\search.json.mozlz4", (void 0)))
1629828785471	Marionette	INFO	Listening on port 58054
1629828785981	RemoteAgent	WARN	TLS certificate errors will be ignored for this session
1629828799096	Marionette	WARN	TimedPromise timed out after 500 ms: stacktrace:
TimedPromise/<@chrome://remote/content/marionette/sync.js:238:19
TimedPromise@chrome://remote/content/marionette/sync.js:223:10
interaction.flushEventLoop@chrome://remote/content/marionette/interaction.js:431:10
webdriverClickElement@chrome://remote/content/marionette/interaction.js:179:31
send@https://admin-demo.nopcommerce.com/lib_npm/jquery/jquery.min.js:2:82613
ajax@https://admin-demo.nopcommerce.com/lib_npm/jquery/jquery.min.js:2:78223
s.ajax@https://admin-demo.nopcommerce.com/lib_npm/jquery-migrate/jquery-migrate.min.js:2:3931
init@https://admin-demo.nopcommerce.com/js/admin.navigation.js:59:11
initOnce@https://admin-demo.nopcommerce.com/js/admin.navigation.js:93:17
init@https://admin-demo.nopcommerce.com/js/admin.search.js:75:30
@https://admin-demo.nopcommerce.com/admin/:158:46
e@https://admin-demo.nopcommerce.com/lib_npm/jquery/jquery.min.js:2:30005
l/</t<@https://admin-demo.nopcommerce.com/lib_npm/jquery/jquery.min.js:2:30307
1629828799304	Marionette	INFO	Stopped listening on port 58054
JavaScript error: resource:///modules/Interactions.jsm, line 209: NS_ERROR_FAILURE: Component returned failure code: 0x80004005 (NS_ERROR_FAILURE) [nsIUserIdleService.removeIdleObserver]
JavaScript error: https://admin-demo.nopcommerce.com/lib_npm/jquery/jquery.min.js, line 2: NS_ERROR_NOT_INITIALIZED: 

###!!! [Parent][RunMessage] Error: Channel closing: too late to send/recv, messages will be lost

1629828918459	geckodriver	INFO	Listening on 127.0.0.1:59087
1629828921536	mozrunner::runner	INFO	Running command: "C:\\Program Files\\Mozilla Firefox\\firefox.exe" "--marionette" "-foreground" "-no-remote" "-profile" "C:\\Users\\nilot\\AppData\\Local\\Temp\\rust_mozprofilemdPaZh"
1629828921871	Marionette	INFO	Marionette enabled
console.warn: SearchSettings: "get: No settings file exists, new profile?" (new NotFoundError("Could not open the file at C:\\Users\\nilot\\AppData\\Local\\Temp\\rust_mozprofilemdPaZh\\search.json.mozlz4", (void 0)))
1629828923761	Marionette	INFO	Listening on port 59095
1629828924208	RemoteAgent	WARN	TLS certificate errors will be ignored for this session
1629828929515	Marionette	INFO	Stopped listening on port 59095
JavaScript error: resource:///modules/Interactions.jsm, line 209: NS_ERROR_FAILURE: Component returned failure code: 0x80004005 (NS_ERROR_FAILURE) [nsIUserIdleService.removeIdleObserver]

###!!! [Parent][RunMessage] Error: Channel closing: too late to send/recv, messages will be lost

1629828929996	geckodriver	INFO	Listening on 127.0.0.1:59143
1629828933065	mozrunner::runner	INFO	Running command: "C:\\Program Files\\Mozilla Firefox\\firefox.exe" "--marionette" "-foreground" "-no-remote" "-profile" "C:\\Users\\nilot\\AppData\\Local\\Temp\\rust_mozprofileO3UzRX"
1629828933403	Marionette	INFO	Marionette enabled
console.warn: SearchSettings: "get: No settings file exists, new profile?" (new NotFoundError("Could not open the file at C:\\Users\\nilot\\AppData\\Local\\Temp\\rust_mozprofileO3UzRX\\search.json.mozlz4", (void 0)))
1629828935571	Marionette	INFO	Listening on port 58772
1629828935735	RemoteAgent	WARN	TLS certificate errors will be ignored for this session
1629828946723	Marionette	WARN	TimedPromise timed out after 500 ms: stacktrace:
TimedPromise/<@chrome://remote/content/marionette/sync.js:238:19
TimedPromise@chrome://remote/content/marionette/sync.js:223:10
interaction.flushEventLoop@chrome://remote/content/marionette/interaction.js:431:10
webdriverClickElement@chrome://remote/content/marionette/interaction.js:179:31
send@https://admin-demo.nopcommerce.com/lib_npm/jquery/jquery.min.js:2:82613
ajax@https://admin-demo.nopcommerce.com/lib_npm/jquery/jquery.min.js:2:78223
s.ajax@https://admin-demo.nopcommerce.com/lib_npm/jquery-migrate/jquery-migrate.min.js:2:3931
init@https://admin-demo.nopcommerce.com/js/admin.navigation.js:59:11
initOnce@https://admin-demo.nopcommerce.com/js/admin.navigation.js:93:17
init@https://admin-demo.nopcommerce.com/js/admin.search.js:75:30
@https://admin-demo.nopcommerce.com/admin/:158:46
e@https://admin-demo.nopcommerce.com/lib_npm/jquery/jquery.min.js:2:30005
l/</t<@https://admin-demo.nopcommerce.com/lib_npm/jquery/jquery.min.js:2:30307
1629828946948	Marionette	INFO	Stopped listening on port 58772
JavaScript error: resource:///modules/Interactions.jsm, line 209: NS_ERROR_FAILURE: Component returned failure code: 0x80004005 (NS_ERROR_FAILURE) [nsIUserIdleService.removeIdleObserver]
JavaScript error: https://admin-demo.nopcommerce.com/lib_npm/jquery/jquery.min.js, line 2: NS_ERROR_NOT_INITIALIZED: 
1629830499172	geckodriver	INFO	Listening on 127.0.0.1:52481
1629830502221	mozrunner::runner	INFO	Running command: "C:\\Program Files\\Mozilla Firefox\\firefox.exe" "--marionette" "-foreground" "-no-remote" "-profile" "C:\\Users\\nilot\\AppData\\Local\\Temp\\rust_mozprofileayEJea"
1629830502572	Marionette	INFO	Marionette enabled
console.warn: SearchSettings: "get: No settings file exists, new profile?" (new NotFoundError("Could not open the file at C:\\Users\\nilot\\AppData\\Local\\Temp\\rust_mozprofileayEJea\\search.json.mozlz4", (void 0)))
1629830505188	Marionette	INFO	Listening on port 64336
1629830505471	RemoteAgent	WARN	TLS certificate errors will be ignored for this session
1629830514977	Marionette	WARN	TimedPromise timed out after 500 ms: stacktrace:
TimedPromise/<@chrome://remote/content/marionette/sync.js:238:19
TimedPromise@chrome://remote/content/marionette/sync.js:223:10
interaction.flushEventLoop@chrome://remote/content/marionette/interaction.js:431:10
webdriverClickElement@chrome://remote/content/marionette/interaction.js:179:31
send@https://admin-demo.nopcommerce.com/lib_npm/jquery/jquery.min.js:2:82613
ajax@https://admin-demo.nopcommerce.com/lib_npm/jquery/jquery.min.js:2:78223
s.ajax@https://admin-demo.nopcommerce.com/lib_npm/jquery-migrate/jquery-migrate.min.js:2:3931
init@https://admin-demo.nopcommerce.com/js/admin.navigation.js:59:11
initOnce@https://admin-demo.nopcommerce.com/js/admin.navigation.js:93:17
init@https://admin-demo.nopcommerce.com/js/admin.search.js:75:30
@https://admin-demo.nopcommerce.com/admin/:158:46
e@https://admin-demo.nopcommerce.com/lib_npm/jquery/jquery.min.js:2:30005
l/</t<@https://admin-demo.nopcommerce.com/lib_npm/jquery/jquery.min.js:2:30307
1629830515185	Marionette	INFO	Stopped listening on port 64333
JavaScript error: resource:///modules/Interactions.jsm, line 209: NS_ERROR_FAILURE: Component returned failure code: 0x80004005 (NS_ERROR_FAILURE) [nsIUserIdleService.removeIdleObserver]

###!!! [Parent][RunMessage] Error: Channel closing: too late to send/recv, messages will be lost

1629835713465	geckodriver	INFO	Listening on 127.0.0.1:49760
1629835716549	mozrunner::runner	INFO	Running command: "C:\\Program Files\\Mozilla Firefox\\firefox.exe" "--marionette" "-foreground" "-no-remote" "-profile" "C:\\Users\\nilot\\AppData\\Local\\Temp\\rust_mozprofilerfowKI"
1629835716886	Marionette	INFO	Marionette enabled
console.warn: SearchSettings: "get: No settings file exists, new profile?" (new NotFoundError("Could not open the file at C:\\Users\\nilot\\AppData\\Local\\Temp\\rust_mozprofilerfowKI\\search.json.mozlz4", (void 0)))
1629835718941	Marionette	INFO	Listening on port 49768
1629835719210	RemoteAgent	WARN	TLS certificate errors will be ignored for this session
1629835742997	Marionette	INFO	Stopped listening on port 49768
JavaScript error: resource:///modules/Interactions.jsm, line 209: NS_ERROR_FAILURE: Component returned failure code: 0x80004005 (NS_ERROR_FAILURE) [nsIUserIdleService.removeIdleObserver]

###!!! [Parent][RunMessage] Error: Channel closing: too late to send/recv, messages will be lost

1629835914323	geckodriver	INFO	Listening on 127.0.0.1:58851
1629835917368	mozrunner::runner	INFO	Running command: "C:\\Program Files\\Mozilla Firefox\\firefox.exe" "--marionette" "-foreground" "-no-remote" "-profile" "C:\\Users\\nilot\\AppData\\Local\\Temp\\rust_mozprofile6p45b9"
1629835917720	Marionette	INFO	Marionette enabled
console.warn: SearchSettings: "get: No settings file exists, new profile?" (new NotFoundError("Could not open the file at C:\\Users\\nilot\\AppData\\Local\\Temp\\rust_mozprofile6p45b9\\search.json.mozlz4", (void 0)))
1629835920019	Marionette	INFO	Listening on port 58859
1629835920536	RemoteAgent	WARN	TLS certificate errors will be ignored for this session
1629835956625	Marionette	INFO	Stopped listening on port 58859
JavaScript error: resource:///modules/Interactions.jsm, line 209: NS_ERROR_FAILURE: Component returned failure code: 0x80004005 (NS_ERROR_FAILURE) [nsIUserIdleService.removeIdleObserver]

###!!! [Parent][RunMessage] Error: Channel closing: too late to send/recv, messages will be lost

1630090625620	geckodriver	INFO	Listening on 127.0.0.1:56479
1630090628681	mozrunner::runner	INFO	Running command: "C:\\Program Files\\Mozilla Firefox\\firefox.exe" "--marionette" "-foreground" "-no-remote" "-profile" "C:\\Users\\nilot\\AppData\\Local\\Temp\\rust_mozprofilex15Hze"
1630090629263	Marionette	INFO	Marionette enabled
console.warn: SearchSettings: "get: No settings file exists, new profile?" (new NotFoundError("Could not open the file at C:\\Users\\nilot\\AppData\\Local\\Temp\\rust_mozprofilex15Hze\\search.json.mozlz4", (void 0)))
1630090631285	Marionette	INFO	Listening on port 56487
1630090631347	RemoteAgent	WARN	TLS certificate errors will be ignored for this session
1630090656347	Marionette	WARN	TimedPromise timed out after 500 ms: stacktrace:
TimedPromise/<@chrome://remote/content/marionette/sync.js:238:19
TimedPromise@chrome://remote/content/marionette/sync.js:223:10
interaction.flushEventLoop@chrome://remote/content/marionette/interaction.js:431:10
webdriverClickElement@chrome://remote/content/marionette/interaction.js:179:31
send@https://admin-demo.nopcommerce.com/lib_npm/jquery/jquery.min.js:2:82613
ajax@https://admin-demo.nopcommerce.com/lib_npm/jquery/jquery.min.js:2:78223
s.ajax@https://admin-demo.nopcommerce.com/lib_npm/jquery-migrate/jquery-migrate.min.js:2:3931
init@https://admin-demo.nopcommerce.com/js/admin.navigation.js:59:11
initOnce@https://admin-demo.nopcommerce.com/js/admin.navigation.js:93:17
init@https://admin-demo.nopcommerce.com/js/admin.search.js:75:30
@https://admin-demo.nopcommerce.com/Admin/Customer/List:156:46
e@https://admin-demo.nopcommerce.com/lib_npm/jquery/jquery.min.js:2:30005
l/</t<@https://admin-demo.nopcommerce.com/lib_npm/jquery/jquery.min.js:2:30307
1630090720226	Marionette	INFO	Stopped listening on port 56487
JavaScript error: resource:///modules/Interactions.jsm, line 209: NS_ERROR_FAILURE: Component returned failure code: 0x80004005 (NS_ERROR_FAILURE) [nsIUserIdleService.removeIdleObserver]

###!!! [Parent][RunMessage] Error: Channel closing: too late to send/recv, messages will be lost

1630090772340	geckodriver	INFO	Listening on 127.0.0.1:51005
1630090775407	mozrunner::runner	INFO	Running command: "C:\\Program Files\\Mozilla Firefox\\firefox.exe" "--marionette" "-foreground" "-no-remote" "-profile" "C:\\Users\\nilot\\AppData\\Local\\Temp\\rust_mozprofilesc4FOM"
1630090775788	Marionette	INFO	Marionette enabled
console.warn: SearchSettings: "get: No settings file exists, new profile?" (new NotFoundError("Could not open the file at C:\\Users\\nilot\\AppData\\Local\\Temp\\rust_mozprofilesc4FOM\\search.json.mozlz4", (void 0)))
1630090778166	Marionette	INFO	Listening on port 51013
1630090778569	RemoteAgent	WARN	TLS certificate errors will be ignored for this session
1630090795203	Marionette	WARN	TimedPromise timed out after 500 ms: stacktrace:
TimedPromise/<@chrome://remote/content/marionette/sync.js:238:19
TimedPromise@chrome://remote/content/marionette/sync.js:223:10
interaction.flushEventLoop@chrome://remote/content/marionette/interaction.js:431:10
webdriverClickElement@chrome://remote/content/marionette/interaction.js:179:31
send@https://admin-demo.nopcommerce.com/lib_npm/jquery/jquery.min.js:2:82613
ajax@https://admin-demo.nopcommerce.com/lib_npm/jquery/jquery.min.js:2:78223
s.ajax@https://admin-demo.nopcommerce.com/lib_npm/jquery-migrate/jquery-migrate.min.js:2:3931
init@https://admin-demo.nopcommerce.com/js/admin.navigation.js:59:11
initOnce@https://admin-demo.nopcommerce.com/js/admin.navigation.js:93:17
init@https://admin-demo.nopcommerce.com/js/admin.search.js:75:30
@https://admin-demo.nopcommerce.com/Admin/Customer/List:156:46
e@https://admin-demo.nopcommerce.com/lib_npm/jquery/jquery.min.js:2:30005
l/</t<@https://admin-demo.nopcommerce.com/lib_npm/jquery/jquery.min.js:2:30307
1630090827500	Marionette	INFO	Stopped listening on port 51013
JavaScript error: resource:///modules/Interactions.jsm, line 209: NS_ERROR_FAILURE: Component returned failure code: 0x80004005 (NS_ERROR_FAILURE) [nsIUserIdleService.removeIdleObserver]

###!!! [Parent][RunMessage] Error: Channel closing: too late to send/recv, messages will be lost

1630090938803	geckodriver	INFO	Listening on 127.0.0.1:51071
1630090941865	mozrunner::runner	INFO	Running command: "C:\\Program Files\\Mozilla Firefox\\firefox.exe" "--marionette" "-foreground" "-no-remote" "-profile" "C:\\Users\\nilot\\AppData\\Local\\Temp\\rust_mozprofileq9jlVb"
1630090942281	Marionette	INFO	Marionette enabled
console.warn: SearchSettings: "get: No settings file exists, new profile?" (new NotFoundError("Could not open the file at C:\\Users\\nilot\\AppData\\Local\\Temp\\rust_mozprofileq9jlVb\\search.json.mozlz4", (void 0)))
1630090944232	Marionette	INFO	Listening on port 51079
1630090944526	RemoteAgent	WARN	TLS certificate errors will be ignored for this session
1630091004742	Marionette	INFO	Stopped listening on port 51079
JavaScript error: resource:///modules/Interactions.jsm, line 209: NS_ERROR_FAILURE: Component returned failure code: 0x80004005 (NS_ERROR_FAILURE) [nsIUserIdleService.removeIdleObserver]

###!!! [Parent][RunMessage] Error: Channel closing: too late to send/recv, messages will be lost

1630091175605	geckodriver	INFO	Listening on 127.0.0.1:55463
1630091178665	mozrunner::runner	INFO	Running command: "C:\\Program Files\\Mozilla Firefox\\firefox.exe" "--marionette" "-foreground" "-no-remote" "-profile" "C:\\Users\\nilot\\AppData\\Local\\Temp\\rust_mozprofile2jDOpt"
1630091179032	Marionette	INFO	Marionette enabled
console.warn: SearchSettings: "get: No settings file exists, new profile?" (new NotFoundError("Could not open the file at C:\\Users\\nilot\\AppData\\Local\\Temp\\rust_mozprofile2jDOpt\\search.json.mozlz4", (void 0)))
1630091181030	Marionette	INFO	Listening on port 53892
1630091181318	RemoteAgent	WARN	TLS certificate errors will be ignored for this session
1630091243672	Marionette	INFO	Stopped listening on port 53892
JavaScript error: resource:///modules/Interactions.jsm, line 209: NS_ERROR_FAILURE: Component returned failure code: 0x80004005 (NS_ERROR_FAILURE) [nsIUserIdleService.removeIdleObserver]
1630128157037	geckodriver	INFO	Listening on 127.0.0.1:60640
1630128160135	mozrunner::runner	INFO	Running command: "C:\\Program Files\\Mozilla Firefox\\firefox.exe" "--marionette" "-foreground" "-no-remote" "-profile" "C:\\Users\\nilot\\AppData\\Local\\Temp\\rust_mozprofileNKe7Ot"
1630128160676	Marionette	INFO	Marionette enabled
console.warn: SearchSettings: "get: No settings file exists, new profile?" (new NotFoundError("Could not open the file at C:\\Users\\nilot\\AppData\\Local\\Temp\\rust_mozprofileNKe7Ot\\search.json.mozlz4", (void 0)))
1630128162639	Marionette	INFO	Listening on port 62380
1630128162796	RemoteAgent	WARN	TLS certificate errors will be ignored for this session
1630128277583	Marionette	INFO	Stopped listening on port 62380
JavaScript error: resource:///modules/Interactions.jsm, line 209: NS_ERROR_FAILURE: Component returned failure code: 0x80004005 (NS_ERROR_FAILURE) [nsIUserIdleService.removeIdleObserver]

###!!! [Parent][RunMessage] Error: Channel closing: too late to send/recv, messages will be lost

1630128288596	geckodriver	INFO	Listening on 127.0.0.1:57254
1630128291649	mozrunner::runner	INFO	Running command: "C:\\Program Files\\Mozilla Firefox\\firefox.exe" "--marionette" "-foreground" "-no-remote" "-profile" "C:\\Users\\nilot\\AppData\\Local\\Temp\\rust_mozprofile9vwXBW"
1630128291970	Marionette	INFO	Marionette enabled
console.warn: SearchSettings: "get: No settings file exists, new profile?" (new NotFoundError("Could not open the file at C:\\Users\\nilot\\AppData\\Local\\Temp\\rust_mozprofile9vwXBW\\search.json.mozlz4", (void 0)))
1630128293861	Marionette	INFO	Listening on port 57069
1630128294295	RemoteAgent	WARN	TLS certificate errors will be ignored for this session
1630128391483	Marionette	INFO	Stopped listening on port 57069
JavaScript error: resource:///modules/Interactions.jsm, line 209: NS_ERROR_FAILURE: Component returned failure code: 0x80004005 (NS_ERROR_FAILURE) [nsIUserIdleService.removeIdleObserver]

###!!! [Parent][RunMessage] Error: Channel closing: too late to send/recv, messages will be lost

1630128395692	geckodriver	INFO	Listening on 127.0.0.1:51210
1630128398802	mozrunner::runner	INFO	Running command: "C:\\Program Files\\Mozilla Firefox\\firefox.exe" "--marionette" "-foreground" "-no-remote" "-profile" "C:\\Users\\nilot\\AppData\\Local\\Temp\\rust_mozprofileKQI5KO"
1630128399121	Marionette	INFO	Marionette enabled
console.warn: SearchSettings: "get: No settings file exists, new profile?" (new NotFoundError("Could not open the file at C:\\Users\\nilot\\AppData\\Local\\Temp\\rust_mozprofileKQI5KO\\search.json.mozlz4", (void 0)))
1630128401231	Marionette	INFO	Listening on port 64097
1630128401481	RemoteAgent	WARN	TLS certificate errors will be ignored for this session
1630128411055	Marionette	WARN	TimedPromise timed out after 500 ms: stacktrace:
TimedPromise/<@chrome://remote/content/marionette/sync.js:238:19
TimedPromise@chrome://remote/content/marionette/sync.js:223:10
interaction.flushEventLoop@chrome://remote/content/marionette/interaction.js:431:10
webdriverClickElement@chrome://remote/content/marionette/interaction.js:179:31
send@https://admin-demo.nopcommerce.com/lib_npm/jquery/jquery.min.js:2:82613
ajax@https://admin-demo.nopcommerce.com/lib_npm/jquery/jquery.min.js:2:78223
s.ajax@https://admin-demo.nopcommerce.com/lib_npm/jquery-migrate/jquery-migrate.min.js:2:3931
init@https://admin-demo.nopcommerce.com/js/admin.navigation.js:59:11
initOnce@https://admin-demo.nopcommerce.com/js/admin.navigation.js:93:17
init@https://admin-demo.nopcommerce.com/js/admin.search.js:75:30
@https://admin-demo.nopcommerce.com/admin/:158:46
e@https://admin-demo.nopcommerce.com/lib_npm/jquery/jquery.min.js:2:30005
l/</t<@https://admin-demo.nopcommerce.com/lib_npm/jquery/jquery.min.js:2:30307
1630128433305	Marionette	INFO	Stopped listening on port 64097
JavaScript error: resource:///modules/Interactions.jsm, line 209: NS_ERROR_FAILURE: Component returned failure code: 0x80004005 (NS_ERROR_FAILURE) [nsIUserIdleService.removeIdleObserver]

###!!! [Parent][RunMessage] Error: Channel closing: too late to send/recv, messages will be lost

1630128446415	geckodriver	INFO	Listening on 127.0.0.1:63409
1630128449497	mozrunner::runner	INFO	Running command: "C:\\Program Files\\Mozilla Firefox\\firefox.exe" "--marionette" "-foreground" "-no-remote" "-profile" "C:\\Users\\nilot\\AppData\\Local\\Temp\\rust_mozprofileGggXb3"
1630128449824	Marionette	INFO	Marionette enabled
console.warn: SearchSettings: "get: No settings file exists, new profile?" (new NotFoundError("Could not open the file at C:\\Users\\nilot\\AppData\\Local\\Temp\\rust_mozprofileGggXb3\\search.json.mozlz4", (void 0)))
1630128451906	Marionette	INFO	Listening on port 54371
1630128452182	RemoteAgent	WARN	TLS certificate errors will be ignored for this session
1630128463384	Marionette	WARN	TimedPromise timed out after 500 ms: stacktrace:
TimedPromise/<@chrome://remote/content/marionette/sync.js:238:19
TimedPromise@chrome://remote/content/marionette/sync.js:223:10
interaction.flushEventLoop@chrome://remote/content/marionette/interaction.js:431:10
webdriverClickElement@chrome://remote/content/marionette/interaction.js:179:31
send@https://admin-demo.nopcommerce.com/lib_npm/jquery/jquery.min.js:2:82613
ajax@https://admin-demo.nopcommerce.com/lib_npm/jquery/jquery.min.js:2:78223
s.ajax@https://admin-demo.nopcommerce.com/lib_npm/jquery-migrate/jquery-migrate.min.js:2:3931
init@https://admin-demo.nopcommerce.com/js/admin.navigation.js:59:11
initOnce@https://admin-demo.nopcommerce.com/js/admin.navigation.js:93:17
init@https://admin-demo.nopcommerce.com/js/admin.search.js:75:30
@https://admin-demo.nopcommerce.com/admin/:158:46
e@https://admin-demo.nopcommerce.com/lib_npm/jquery/jquery.min.js:2:30005
l/</t<@https://admin-demo.nopcommerce.com/lib_npm/jquery/jquery.min.js:2:30307
1630128487754	Marionette	INFO	Stopped listening on port 54371
JavaScript error: resource:///modules/Interactions.jsm, line 209: NS_ERROR_FAILURE: Component returned failure code: 0x80004005 (NS_ERROR_FAILURE) [nsIUserIdleService.removeIdleObserver]
1630129514980	geckodriver	INFO	Listening on 127.0.0.1:59264
1630129518045	mozrunner::runner	INFO	Running command: "C:\\Program Files\\Mozilla Firefox\\firefox.exe" "--marionette" "-foreground" "-no-remote" "-profile" "C:\\Users\\nilot\\AppData\\Local\\Temp\\rust_mozprofileFSX27W"
1630129518375	Marionette	INFO	Marionette enabled
console.warn: SearchSettings: "get: No settings file exists, new profile?" (new NotFoundError("Could not open the file at C:\\Users\\nilot\\AppData\\Local\\Temp\\rust_mozprofileFSX27W\\search.json.mozlz4", (void 0)))
1630129520402	Marionette	INFO	Listening on port 58445
1630129520725	RemoteAgent	WARN	TLS certificate errors will be ignored for this session
1630129533686	Marionette	WARN	TimedPromise timed out after 500 ms: stacktrace:
TimedPromise/<@chrome://remote/content/marionette/sync.js:238:19
TimedPromise@chrome://remote/content/marionette/sync.js:223:10
interaction.flushEventLoop@chrome://remote/content/marionette/interaction.js:431:10
webdriverClickElement@chrome://remote/content/marionette/interaction.js:179:31
send@https://admin-demo.nopcommerce.com/lib_npm/jquery/jquery.min.js:2:82613
ajax@https://admin-demo.nopcommerce.com/lib_npm/jquery/jquery.min.js:2:78223
s.ajax@https://admin-demo.nopcommerce.com/lib_npm/jquery-migrate/jquery-migrate.min.js:2:3931
init@https://admin-demo.nopcommerce.com/js/admin.navigation.js:59:11
initOnce@https://admin-demo.nopcommerce.com/js/admin.navigation.js:93:17
init@https://admin-demo.nopcommerce.com/js/admin.search.js:75:30
@https://admin-demo.nopcommerce.com/admin/:158:46
e@https://admin-demo.nopcommerce.com/lib_npm/jquery/jquery.min.js:2:30005
l/</t<@https://admin-demo.nopcommerce.com/lib_npm/jquery/jquery.min.js:2:30307
1630129559044	Marionette	INFO	Stopped listening on port 58445
JavaScript error: resource:///modules/Interactions.jsm, line 209: NS_ERROR_FAILURE: Component returned failure code: 0x80004005 (NS_ERROR_FAILURE) [nsIUserIdleService.removeIdleObserver]

###!!! [Parent][RunMessage] Error: Channel closing: too late to send/recv, messages will be lost

1630129733450	geckodriver	INFO	Listening on 127.0.0.1:60708
1630129736500	mozrunner::runner	INFO	Running command: "C:\\Program Files\\Mozilla Firefox\\firefox.exe" "--marionette" "-foreground" "-no-remote" "-profile" "C:\\Users\\nilot\\AppData\\Local\\Temp\\rust_mozprofileEeCcxK"
1630129736816	Marionette	INFO	Marionette enabled
console.warn: SearchSettings: "get: No settings file exists, new profile?" (new NotFoundError("Could not open the file at C:\\Users\\nilot\\AppData\\Local\\Temp\\rust_mozprofileEeCcxK\\search.json.mozlz4", (void 0)))
1630129738972	Marionette	INFO	Listening on port 60716
1630129739176	RemoteAgent	WARN	TLS certificate errors will be ignored for this session
console.error: services.settings: 
  main/doh-providers Signature failed  InvalidSignatureError: Invalid content signature (main/doh-providers)
console.error: services.settings: 
  main/doh-providers local data was corrupted
console.warn: services.settings: main/doh-providers Signature verified failed. Retry from scratch
console.error: services.settings: 
  main/doh-config Signature failed  InvalidSignatureError: Invalid content signature (main/doh-config)
console.error: services.settings: 
  main/doh-config local data was corrupted
console.warn: services.settings: main/doh-config Signature verified failed. Retry from scratch
console.log: WebExtensions: reset-default-search: starting.
console.log: WebExtensions: reset-default-search: No addons in our list are installed.
1630132537014	Marionette	INFO	Stopped listening on port 60716
JavaScript error: resource:///modules/Interactions.jsm, line 209: NS_ERROR_FAILURE: Component returned failure code: 0x80004005 (NS_ERROR_FAILURE) [nsIUserIdleService.removeIdleObserver]
\Temp\\rust_mozprofileNA9fpG"
1630130442823	Marionette	INFO	Marionette enabled
console.warn: SearchSettings: "get: No settings file exists, new profile?" (new NotFoundError("Could not open the file at C:\\Users\\nilot\\AppData\\Local\\Temp\\rust_mozprofileNA9fpG\\search.json.mozlz4", (void 0)))
1630130444793	Marionette	INFO	Listening on port 59684
1630130445223	RemoteAgent	WARN	TLS certificate errors will be ignored for this session
1630130612173	Marionette	INFO	Stopped listening on port 59684
JavaScript error: resource:///modules/Interactions.jsm, line 209: NS_ERROR_FAILURE: Component returned failure code: 0x80004005 (NS_ERROR_FAILURE) [nsIUserIdleService.removeIdleObserver]

###!!! [Parent][RunMessage] Error: Channel closing: too late to send/recv, messages will be lost

1630130634182	geckodriver	INFO	Listening on 127.0.0.1:53067
1630130637268	mozrunner::runner	INFO	Running command: "C:\\Program Files\\Mozilla Firefox\\firefox.exe" "--marionette" "-foreground" "-no-remote" "-profile" "C:\\Users\\nilot\\AppData\\Local\\Temp\\rust_mozprofileOgGaBL"
1630130637519	Marionette	INFO	Marionette enabled
console.warn: SearchSettings: "get: No settings file exists, new profile?" (new NotFoundError("Could not open the file at C:\\Users\\nilot\\AppData\\Local\\Temp\\rust_mozprofileOgGaBL\\search.json.mozlz4", (void 0)))
1630130639318	Marionette	INFO	Listening on port 53075
1630130639418	RemoteAgent	WARN	TLS certificate errors will be ignored for this session
1630130650934	Marionette	WARN	TimedPromise timed out after 500 ms: stacktrace:
TimedPromise/<@chrome://remote/content/marionette/sync.js:238:19
TimedPromise@chrome://remote/content/marionette/sync.js:223:10
interaction.flushEventLoop@chrome://remote/content/marionette/interaction.js:431:10
webdriverClickElement@chrome://remote/content/marionette/interaction.js:179:31
send@https://admin-demo.nopcommerce.com/lib_npm/jquery/jquery.min.js:2:82613
ajax@https://admin-demo.nopcommerce.com/lib_npm/jquery/jquery.min.js:2:78223
s.ajax@https://admin-demo.nopcommerce.com/lib_npm/jquery-migrate/jquery-migrate.min.js:2:3931
init@https://admin-demo.nopcommerce.com/js/admin.navigation.js:59:11
initOnce@https://admin-demo.nopcommerce.com/js/admin.navigation.js:93:17
init@https://admin-demo.nopcommerce.com/js/admin.search.js:75:30
@https://admin-demo.nopcommerce.com/admin/:158:46
e@https://admin-demo.nopcommerce.com/lib_npm/jquery/jquery.min.js:2:30005
l/</t<@https://admin-demo.nopcommerce.com/lib_npm/jquery/jquery.min.js:2:30307
1630130683148	Marionette	INFO	Stopped listening on port 53075
JavaScript error: resource:///modules/Interactions.jsm, line 209: NS_ERROR_FAILURE: Component returned failure code: 0x80004005 (NS_ERROR_FAILURE) [nsIUserIdleService.removeIdleObserver]

###!!! [Parent][RunMessage] Error: Channel closing: too late to send/recv, messages will be lost

ttings: "get: No settings file exists, new profile?" (new NotFoundError("Could not open the file at C:\\Users\\nilot\\AppData\\Local\\Temp\\rust_mozprofileXS6Wfp\\search.json.mozlz4", (void 0)))
1630130682776	Marionette	INFO	Listening on port 53145
1630130683254	RemoteAgent	WARN	TLS certificate errors will be ignored for this session
1630130693576	Marionette	WARN	TimedPromise timed out after 500 ms: stacktrace:
TimedPromise/<@chrome://remote/content/marionette/sync.js:238:19
TimedPromise@chrome://remote/content/marionette/sync.js:223:10
interaction.flushEventLoop@chrome://remote/content/marionette/interaction.js:431:10
webdriverClickElement@chrome://remote/content/marionette/interaction.js:179:31
send@https://admin-demo.nopcommerce.com/lib_npm/jquery/jquery.min.js:2:82613
ajax@https://admin-demo.nopcommerce.com/lib_npm/jquery/jquery.min.js:2:78223
s.ajax@https://admin-demo.nopcommerce.com/lib_npm/jquery-migrate/jquery-migrate.min.js:2:3931
init@https://admin-demo.nopcommerce.com/js/admin.navigation.js:59:11
initOnce@https://admin-demo.nopcommerce.com/js/admin.navigation.js:93:17
init@https://admin-demo.nopcommerce.com/js/admin.search.js:75:30
@https://admin-demo.nopcommerce.com/admin/:158:46
e@https://admin-demo.nopcommerce.com/lib_npm/jquery/jquery.min.js:2:30005
l/</t<@https://admin-demo.nopcommerce.com/lib_npm/jquery/jquery.min.js:2:30307
1630130702064	Marionette	INFO	Stopped listening on port 53145
JavaScript error: resource:///modules/Interactions.jsm, line 209: NS_ERROR_FAILURE: Component returned failure code: 0x80004005 (NS_ERROR_FAILURE) [nsIUserIdleService.removeIdleObserver]

###!!! [Parent][RunMessage] Error: Channel closing: too late to send/recv, messages will be lost

1630130711032	geckodriver	INFO	Listening on 127.0.0.1:61616
1630130714090	mozrunner::runner	INFO	Running command: "C:\\Program Files\\Mozilla Firefox\\firefox.exe" "--marionette" "-foreground" "-no-remote" "-profile" "C:\\Users\\nilot\\AppData\\Local\\Temp\\rust_mozprofileoX36aF"
1630130714353	Marionette	INFO	Marionette enabled
console.warn: SearchSettings: "get: No settings file exists, new profile?" (new NotFoundError("Could not open the file at C:\\Users\\nilot\\AppData\\Local\\Temp\\rust_mozprofileoX36aF\\search.json.mozlz4", (void 0)))
1630130716255	Marionette	INFO	Listening on port 65524
1630130716752	RemoteAgent	WARN	TLS certificate errors will be ignored for this session
1630130731076	Marionette	WARN	TimedPromise timed out after 500 ms: stacktrace:
TimedPromise/<@chrome://remote/content/marionette/sync.js:238:19
TimedPromise@chrome://remote/content/marionette/sync.js:223:10
interaction.flushEventLoop@chrome://remote/content/marionette/interaction.js:431:10
webdriverClickElement@chrome://remote/content/marionette/interaction.js:179:31
send@https://admin-demo.nopcommerce.com/lib_npm/jquery/jquery.min.js:2:82613
ajax@https://admin-demo.nopcommerce.com/lib_npm/jquery/jquery.min.js:2:78223
s.ajax@https://admin-demo.nopcommerce.com/lib_npm/jquery-migrate/jquery-migrate.min.js:2:3931
init@https://admin-demo.nopcommerce.com/js/admin.navigation.js:59:11
initOnce@https://admin-demo.nopcommerce.com/js/admin.navigation.js:93:17
init@https://admin-demo.nopcommerce.com/js/admin.search.js:75:30
@https://admin-demo.nopcommerce.com/admin/:158:46
e@https://admin-demo.nopcommerce.com/lib_npm/jquery/jquery.min.js:2:30005
l/</t<@https://admin-demo.nopcommerce.com/lib_npm/jquery/jquery.min.js:2:30307
1630130745594	Marionette	INFO	Stopped listening on port 65524
JavaScript error: resource:///modules/Interactions.jsm, line 209: NS_ERROR_FAILURE: Component returned failure code: 0x80004005 (NS_ERROR_FAILURE) [nsIUserIdleService.removeIdleObserver]

###!!! [Parent][RunMessage] Error: Channel closing: too late to send/recv, messages will be lost

1630141215886	geckodriver	INFO	Listening on 127.0.0.1:55852
1630141218952	mozrunner::runner	INFO	Running command: "C:\\Program Files\\Mozilla Firefox\\firefox.exe" "--marionette" "-foreground" "-no-remote" "-profile" "C:\\Users\\nilot\\AppData\\Local\\Temp\\rust_mozprofilenOcU7M"
1630141219298	Marionette	INFO	Marionette enabled
console.warn: SearchSettings: "get: No settings file exists, new profile?" (new NotFoundError("Could not open the file at C:\\Users\\nilot\\AppData\\Local\\Temp\\rust_mozprofilenOcU7M\\search.json.mozlz4", (void 0)))
1630141221497	Marionette	INFO	Listening on port 55865
1630141221630	RemoteAgent	WARN	TLS certificate errors will be ignored for this session
1630141587377	Marionette	INFO	Stopped listening on port 55865
JavaScript error: resource:///modules/Interactions.jsm, line 209: NS_ERROR_FAILURE: Component returned failure code: 0x80004005 (NS_ERROR_FAILURE) [nsIUserIdleService.removeIdleObserver]

###!!! [Parent][RunMessage] Error: Channel closing: too late to send/recv, messages will be lost

ttings: "get: No settings file exists, new profile?" (new NotFoundError("Could not open the file at C:\\Users\\nilot\\AppData\\Local\\Temp\\rust_mozprofilekG1Kox\\search.json.mozlz4", (void 0)))
1630141300120	Marionette	INFO	Listening on port 56702
1630141300414	RemoteAgent	WARN	TLS certificate errors will be ignored for this session
1630141333613	Marionette	INFO	Stopped listening on port 56702
JavaScript error: resource:///modules/Interactions.jsm, line 209: NS_ERROR_FAILURE: Component returned failure code: 0x80004005 (NS_ERROR_FAILURE) [nsIUserIdleService.removeIdleObserver]
JavaScript error: https://admin-demo.nopcommerce.com/lib_npm/jquery/jquery.min.js, line 2: NS_ERROR_NOT_INITIALIZED: 

###!!! [Parent][RunMessage] Error: Channel closing: too late to send/recv, messages will be lost

1630141438614	geckodriver	INFO	Listening on 127.0.0.1:58432
1630141441679	mozrunner::runner	INFO	Running command: "C:\\Program Files\\Mozilla Firefox\\firefox.exe" "--marionette" "-foreground" "-no-remote" "-profile" "C:\\Users\\nilot\\AppData\\Local\\Temp\\rust_mozprofile9LIyua"
1630141441944	Marionette	INFO	Marionette enabled
console.warn: SearchSettings: "get: No settings file exists, new profile?" (new NotFoundError("Could not open the file at C:\\Users\\nilot\\AppData\\Local\\Temp\\rust_mozprofile9LIyua\\search.json.mozlz4", (void 0)))
1630141443839	Marionette	INFO	Listening on port 58440
1630141444329	RemoteAgent	WARN	TLS certificate errors will be ignored for this session
JavaScript error: https://admin-demo.nopcommerce.com/lib_npm/jquery/jquery.min.js, line 2: NS_ERROR_NOT_INITIALIZED: 
1630141490772	Marionette	INFO	Stopped listening on port 58440
JavaScript error: resource:///modules/Interactions.jsm, line 209: NS_ERROR_FAILURE: Component returned failure code: 0x80004005 (NS_ERROR_FAILURE) [nsIUserIdleService.removeIdleObserver]
JavaScript error: chrome://remote/content/marionette/cert.js, line 55: NS_ERROR_NOT_AVAILABLE: Component returned failure code: 0x80040111 (NS_ERROR_NOT_AVAILABLE) [nsICertOverrideService.setDisableAllSecurityChecksAndLetAttackersInterceptMyData]

###!!! [Parent][RunMessage] Error: Channel closing: too late to send/recv, messages will be lost

1630141521741	geckodriver	INFO	Listening on 127.0.0.1:56904
1630141524814	mozrunner::runner	INFO	Running command: "C:\\Program Files\\Mozilla Firefox\\firefox.exe" "--marionette" "-foreground" "-no-remote" "-profile" "C:\\Users\\nilot\\AppData\\Local\\Temp\\rust_mozprofileT5cx5d"
1630141525075	Marionette	INFO	Marionette enabled
console.warn: SearchSettings: "get: No settings file exists, new profile?" (new NotFoundError("Could not open the file at C:\\Users\\nilot\\AppData\\Local\\Temp\\rust_mozprofileT5cx5d\\search.json.mozlz4", (void 0)))
1630141526995	Marionette	INFO	Listening on port 56912
1630141527492	RemoteAgent	WARN	TLS certificate errors will be ignored for this session
JavaScript error: https://admin-demo.nopcommerce.com/lib_npm/jquery/jquery.min.js, line 2: NS_ERROR_NOT_INITIALIZED: 
1630141589382	Marionette	INFO	Stopped listening on port 56912
JavaScript error: resource:///modules/Interactions.jsm, line 209: NS_ERROR_FAILURE: Component returned failure code: 0x80004005 (NS_ERROR_FAILURE) [nsIUserIdleService.removeIdleObserver]
JavaScript error: chrome://remote/content/marionette/cert.js, line 55: NS_ERROR_NOT_AVAILABLE: Component returned failure code: 0x80040111 (NS_ERROR_NOT_AVAILABLE) [nsICertOverrideService.setDisableAllSecurityChecksAndLetAttackersInterceptMyData]
1630141594829	geckodriver	INFO	Listening on 127.0.0.1:62083
1630141597891	mozrunner::runner	INFO	Running command: "C:\\Program Files\\Mozilla Firefox\\firefox.exe" "--marionette" "-foreground" "-no-remote" "-profile" "C:\\Users\\nilot\\AppData\\Local\\Temp\\rust_mozprofileDavseq"
1630141598231	Marionette	INFO	Marionette enabled
console.warn: SearchSettings: "get: No settings file exists, new profile?" (new NotFoundError("Could not open the file at C:\\Users\\nilot\\AppData\\Local\\Temp\\rust_mozprofileDavseq\\search.json.mozlz4", (void 0)))
1630141600082	Marionette	INFO	Listening on port 62091
1630141600557	RemoteAgent	WARN	TLS certificate errors will be ignored for this session
1630141654157	Marionette	INFO	Stopped listening on port 62091
JavaScript error: resource:///modules/Interactions.jsm, line 209: NS_ERROR_FAILURE: Component returned failure code: 0x80004005 (NS_ERROR_FAILURE) [nsIUserIdleService.removeIdleObserver]

###!!! [Parent][RunMessage] Error: Channel closing: too late to send/recv, messages will be lost

1630148271467	geckodriver	INFO	Listening on 127.0.0.1:64694
1630148274525	mozrunner::runner	INFO	Running command: "C:\\Program Files\\Mozilla Firefox\\firefox.exe" "--marionette" "-foreground" "-no-remote" "-profile" "C:\\Users\\nilot\\AppData\\Local\\Temp\\rust_mozprofilejyvH06"
1630148274851	Marionette	INFO	Marionette enabled
console.warn: SearchSettings: "get: No settings file exists, new profile?" (new NotFoundError("Could not open the file at C:\\Users\\nilot\\AppData\\Local\\Temp\\rust_mozprofilejyvH06\\search.json.mozlz4", (void 0)))
1630148277012	Marionette	INFO	Listening on port 57081
1630148277202	RemoteAgent	WARN	TLS certificate errors will be ignored for this session
1630148343578	Marionette	INFO	Stopped listening on port 57081
JavaScript error: resource:///modules/Interactions.jsm, line 209: NS_ERROR_FAILURE: Component returned failure code: 0x80004005 (NS_ERROR_FAILURE) [nsIUserIdleService.removeIdleObserver]

###!!! [Parent][RunMessage] Error: Channel closing: too late to send/recv, messages will be lost

1630159889574	geckodriver	INFO	Listening on 127.0.0.1:59990
1630159892660	mozrunner::runner	INFO	Running command: "C:\\Program Files\\Mozilla Firefox\\firefox.exe" "--marionette" "-foreground" "-no-remote" "-profile" "C:\\Users\\nilot\\AppData\\Local\\Temp\\rust_mozprofilefuOZAi"
1630159892987	Marionette	INFO	Marionette enabled
console.warn: SearchSettings: "get: No settings file exists, new profile?" (new NotFoundError("Could not open the file at C:\\Users\\nilot\\AppData\\Local\\Temp\\rust_mozprofilefuOZAi\\search.json.mozlz4", (void 0)))
1630159894927	Marionette	INFO	Listening on port 59998
1630159895312	RemoteAgent	WARN	TLS certificate errors will be ignored for this session
1630159926280	Marionette	INFO	Stopped listening on port 59998
JavaScript error: resource:///modules/Interactions.jsm, line 209: NS_ERROR_FAILURE: Component returned failure code: 0x80004005 (NS_ERROR_FAILURE) [nsIUserIdleService.removeIdleObserver]
JavaScript error: https://admin-demo.nopcommerce.com/lib_npm/jquery/jquery.min.js, line 2: NS_ERROR_NOT_INITIALIZED: 
1630159926833	geckodriver	INFO	Listening on 127.0.0.1:58315
1630159929915	mozrunner::runner	INFO	Running command: "C:\\Program Files\\Mozilla Firefox\\firefox.exe" "--marionette" "-foreground" "-no-remote" "-profile" "C:\\Users\\nilot\\AppData\\Local\\Temp\\rust_mozprofiler5bezv"
1630159930246	Marionette	INFO	Marionette enabled
console.warn: SearchSettings: "get: No settings file exists, new profile?" (new NotFoundError("Could not open the file at C:\\Users\\nilot\\AppData\\Local\\Temp\\rust_mozprofiler5bezv\\search.json.mozlz4", (void 0)))
1630159932023	Marionette	INFO	Listening on port 58324
1630159932079	RemoteAgent	WARN	TLS certificate errors will be ignored for this session
1630159942389	Marionette	INFO	Stopped listening on port 58324
JavaScript error: resource:///modules/Interactions.jsm, line 209: NS_ERROR_FAILURE: Component returned failure code: 0x80004005 (NS_ERROR_FAILURE) [nsIUserIdleService.removeIdleObserver]
1630169288466	geckodriver	INFO	Listening on 127.0.0.1:50087
1630169291529	mozrunner::runner	INFO	Running command: "C:\\Program Files\\Mozilla Firefox\\firefox.exe" "--marionette" "-foreground" "-no-remote" "-profile" "C:\\Users\\nilot\\AppData\\Local\\Temp\\rust_mozprofileGEnuko"
1630169291879	Marionette	INFO	Marionette enabled
console.warn: SearchSettings: "get: No settings file exists, new profile?" (new NotFoundError("Could not open the file at C:\\Users\\nilot\\AppData\\Local\\Temp\\rust_mozprofileGEnuko\\search.json.mozlz4", (void 0)))
1630169293756	Marionette	INFO	Listening on port 50095
1630169294210	RemoteAgent	WARN	TLS certificate errors will be ignored for this session
1630169334407	Marionette	INFO	Stopped listening on port 50095
JavaScript error: resource:///modules/Interactions.jsm, line 209: NS_ERROR_FAILURE: Component returned failure code: 0x80004005 (NS_ERROR_FAILURE) [nsIUserIdleService.removeIdleObserver]
JavaScript error: https://admin-demo.nopcommerce.com/lib_npm/jquery/jquery.min.js, line 2: NS_ERROR_NOT_INITIALIZED: 

###!!! [Parent][RunMessage] Error: Channel closing: too late to send/recv, messages will be lost

1630169334936	geckodriver	INFO	Listening on 127.0.0.1:50154
1630169337996	mozrunner::runner	INFO	Running command: "C:\\Program Files\\Mozilla Firefox\\firefox.exe" "--marionette" "-foreground" "-no-remote" "-profile" "C:\\Users\\nilot\\AppData\\Local\\Temp\\rust_mozprofileM3aOj2"
1630169338326	Marionette	INFO	Marionette enabled
console.warn: SearchSettings: "get: No settings file exists, new profile?" (new NotFoundError("Could not open the file at C:\\Users\\nilot\\AppData\\Local\\Temp\\rust_mozprofileM3aOj2\\search.json.mozlz4", (void 0)))
1630169340076	Marionette	INFO	Listening on port 50162
1630169340171	RemoteAgent	WARN	TLS certificate errors will be ignored for this session
1630169346062	Marionette	INFO	Stopped listening on port 50162
JavaScript error: resource:///modules/Interactions.jsm, line 209: NS_ERROR_FAILURE: Component returned failure code: 0x80004005 (NS_ERROR_FAILURE) [nsIUserIdleService.removeIdleObserver]

###!!! [Parent][RunMessage] Error: Channel closing: too late to send/recv, messages will be lost

1630169437827	geckodriver	INFO	Listening on 127.0.0.1:50210
1630169440942	mozrunner::runner	INFO	Running command: "C:\\Program Files\\Mozilla Firefox\\firefox.exe" "--marionette" "-foreground" "-no-remote" "-profile" "C:\\Users\\nilot\\AppData\\Local\\Temp\\rust_mozprofile6cRC78"
1630169441258	Marionette	INFO	Marionette enabled
console.warn: SearchSettings: "get: No settings file exists, new profile?" (new NotFoundError("Could not open the file at C:\\Users\\nilot\\AppData\\Local\\Temp\\rust_mozprofile6cRC78\\search.json.mozlz4", (void 0)))
1630169442947	Marionette	INFO	Listening on port 50218
1630169442994	RemoteAgent	WARN	TLS certificate errors will be ignored for this session
1630169473668	Marionette	INFO	Stopped listening on port 50218
JavaScript error: resource:///modules/Interactions.jsm, line 209: NS_ERROR_FAILURE: Component returned failure code: 0x80004005 (NS_ERROR_FAILURE) [nsIUserIdleService.removeIdleObserver]
JavaScript error: https://admin-demo.nopcommerce.com/lib_npm/jquery/jquery.min.js, line 2: NS_ERROR_NOT_INITIALIZED: 

###!!! [Parent][RunMessage] Error: Channel closing: too late to send/recv, messages will be lost

1630169474211	geckodriver	INFO	Listening on 127.0.0.1:55796
1630169477283	mozrunner::runner	INFO	Running command: "C:\\Program Files\\Mozilla Firefox\\firefox.exe" "--marionette" "-foreground" "-no-remote" "-profile" "C:\\Users\\nilot\\AppData\\Local\\Temp\\rust_mozprofileZ0MIlo"
1630169477598	Marionette	INFO	Marionette enabled
console.warn: SearchSettings: "get: No settings file exists, new profile?" (new NotFoundError("Could not open the file at C:\\Users\\nilot\\AppData\\Local\\Temp\\rust_mozprofileZ0MIlo\\search.json.mozlz4", (void 0)))
1630169479671	Marionette	INFO	Listening on port 55804
1630169479948	RemoteAgent	WARN	TLS certificate errors will be ignored for this session
1630169490527	Marionette	INFO	Stopped listening on port 55804
JavaScript error: resource:///modules/Interactions.jsm, line 209: NS_ERROR_FAILURE: Component returned failure code: 0x80004005 (NS_ERROR_FAILURE) [nsIUserIdleService.removeIdleObserver]
1630169675295	geckodriver	INFO	Listening on 127.0.0.1:59401
1630169678362	mozrunner::runner	INFO	Running command: "C:\\Program Files\\Mozilla Firefox\\firefox.exe" "--marionette" "-foreground" "-no-remote" "-profile" "C:\\Users\\nilot\\AppData\\Local\\Temp\\rust_mozprofilejJwQr2"
1630169678675	Marionette	INFO	Marionette enabled
console.warn: SearchSettings: "get: No settings file exists, new profile?" (new NotFoundError("Could not open the file at C:\\Users\\nilot\\AppData\\Local\\Temp\\rust_mozprofilejJwQr2\\search.json.mozlz4", (void 0)))
1630169680775	Marionette	INFO	Listening on port 59409
1630169681010	RemoteAgent	WARN	TLS certificate errors will be ignored for this session
1630169693428	Marionette	WARN	TimedPromise timed out after 500 ms: stacktrace:
TimedPromise/<@chrome://remote/content/marionette/sync.js:238:19
TimedPromise@chrome://remote/content/marionette/sync.js:223:10
interaction.flushEventLoop@chrome://remote/content/marionette/interaction.js:431:10
webdriverClickElement@chrome://remote/content/marionette/interaction.js:179:31
send@https://admin-demo.nopcommerce.com/lib_npm/jquery/jquery.min.js:2:82613
ajax@https://admin-demo.nopcommerce.com/lib_npm/jquery/jquery.min.js:2:78223
s.ajax@https://admin-demo.nopcommerce.com/lib_npm/jquery-migrate/jquery-migrate.min.js:2:3931
init@https://admin-demo.nopcommerce.com/js/admin.navigation.js:59:11
initOnce@https://admin-demo.nopcommerce.com/js/admin.navigation.js:93:17
init@https://admin-demo.nopcommerce.com/js/admin.search.js:75:30
@https://admin-demo.nopcommerce.com/admin/:158:46
e@https://admin-demo.nopcommerce.com/lib_npm/jquery/jquery.min.js:2:30005
l/</t<@https://admin-demo.nopcommerce.com/lib_npm/jquery/jquery.min.js:2:30307
1630169871867	Marionette	INFO	Stopped listening on port 59409
JavaScript error: resource:///modules/Interactions.jsm, line 209: NS_ERROR_FAILURE: Component returned failure code: 0x80004005 (NS_ERROR_FAILURE) [nsIUserIdleService.removeIdleObserver]

###!!! [Parent][RunMessage] Error: Channel closing: too late to send/recv, messages will be lost

ttings: "get: No settings file exists, new profile?" (new NotFoundError("Could not open the file at C:\\Users\\nilot\\AppData\\Local\\Temp\\rust_mozprofilejoGFru\\search.json.mozlz4", (void 0)))
1630169698990	Marionette	INFO	Listening on port 63079
1630169699481	RemoteAgent	WARN	TLS certificate errors will be ignored for this session
1630169706439	Marionette	INFO	Stopped listening on port 63079
JavaScript error: resource:///modules/Interactions.jsm, line 209: NS_ERROR_FAILURE: Component returned failure code: 0x80004005 (NS_ERROR_FAILURE) [nsIUserIdleService.removeIdleObserver]

###!!! [Parent][RunMessage] Error: Channel closing: too late to send/recv, messages will be lost

1630169894917	geckodriver	INFO	Listening on 127.0.0.1:58971
1630169897992	mozrunner::runner	INFO	Running command: "C:\\Program Files\\Mozilla Firefox\\firefox.exe" "--marionette" "-foreground" "-no-remote" "-profile" "C:\\Users\\nilot\\AppData\\Local\\Temp\\rust_mozprofile6Oo5yl"
1630169898334	Marionette	INFO	Marionette enabled
console.warn: SearchSettings: "get: No settings file exists, new profile?" (new NotFoundError("Could not open the file at C:\\Users\\nilot\\AppData\\Local\\Temp\\rust_mozprofile6Oo5yl\\search.json.mozlz4", (void 0)))
1630169900466	Marionette	INFO	Listening on port 58979
1630169900636	RemoteAgent	WARN	TLS certificate errors will be ignored for this session
1630169913553	Marionette	WARN	TimedPromise timed out after 500 ms: stacktrace:
TimedPromise/<@chrome://remote/content/marionette/sync.js:238:19
TimedPromise@chrome://remote/content/marionette/sync.js:223:10
interaction.flushEventLoop@chrome://remote/content/marionette/interaction.js:431:10
webdriverClickElement@chrome://remote/content/marionette/interaction.js:179:31
send@https://admin-demo.nopcommerce.com/lib_npm/jquery/jquery.min.js:2:82613
ajax@https://admin-demo.nopcommerce.com/lib_npm/jquery/jquery.min.js:2:78223
s.ajax@https://admin-demo.nopcommerce.com/lib_npm/jquery-migrate/jquery-migrate.min.js:2:3931
init@https://admin-demo.nopcommerce.com/js/admin.navigation.js:59:11
initOnce@https://admin-demo.nopcommerce.com/js/admin.navigation.js:93:17
init@https://admin-demo.nopcommerce.com/js/admin.search.js:75:30
@https://admin-demo.nopcommerce.com/admin/:158:46
e@https://admin-demo.nopcommerce.com/lib_npm/jquery/jquery.min.js:2:30005
l/</t<@https://admin-demo.nopcommerce.com/lib_npm/jquery/jquery.min.js:2:30307
1630170258763	Marionette	INFO	Stopped listening on port 58979
JavaScript error: resource:///modules/Interactions.jsm, line 209: NS_ERROR_FAILURE: Component returned failure code: 0x80004005 (NS_ERROR_FAILURE) [nsIUserIdleService.removeIdleObserver]
\Temp\\rust_mozprofileqd4r7K"
1630169917225	Marionette	INFO	Marionette enabled
console.warn: SearchSettings: "get: No settings file exists, new profile?" (new NotFoundError("Could not open the file at C:\\Users\\nilot\\AppData\\Local\\Temp\\rust_mozprofileqd4r7K\\search.json.mozlz4", (void 0)))
1630169919060	Marionette	INFO	Listening on port 64345
1630169919115	RemoteAgent	WARN	TLS certificate errors will be ignored for this session
1630169924669	Marionette	INFO	Stopped listening on port 64345
JavaScript error: resource:///modules/Interactions.jsm, line 209: NS_ERROR_FAILURE: Component returned failure code: 0x80004005 (NS_ERROR_FAILURE) [nsIUserIdleService.removeIdleObserver]

###!!! [Parent][RunMessage] Error: Channel closing: too late to send/recv, messages will be lost

1630170268754	geckodriver	INFO	Listening on 127.0.0.1:55316
1630170271803	mozrunner::runner	INFO	Running command: "C:\\Program Files\\Mozilla Firefox\\firefox.exe" "--marionette" "-foreground" "-no-remote" "-profile" "C:\\Users\\nilot\\AppData\\Local\\Temp\\rust_mozprofile0WUZkX"
1630170272125	Marionette	INFO	Marionette enabled
console.warn: SearchSettings: "get: No settings file exists, new profile?" (new NotFoundError("Could not open the file at C:\\Users\\nilot\\AppData\\Local\\Temp\\rust_mozprofile0WUZkX\\search.json.mozlz4", (void 0)))
1630170273969	Marionette	INFO	Listening on port 55324
1630170274471	RemoteAgent	WARN	TLS certificate errors will be ignored for this session
1630170287844	Marionette	WARN	TimedPromise timed out after 500 ms: stacktrace:
TimedPromise/<@chrome://remote/content/marionette/sync.js:238:19
TimedPromise@chrome://remote/content/marionette/sync.js:223:10
interaction.flushEventLoop@chrome://remote/content/marionette/interaction.js:431:10
webdriverClickElement@chrome://remote/content/marionette/interaction.js:179:31
send@https://admin-demo.nopcommerce.com/lib_npm/jquery/jquery.min.js:2:82613
ajax@https://admin-demo.nopcommerce.com/lib_npm/jquery/jquery.min.js:2:78223
s.ajax@https://admin-demo.nopcommerce.com/lib_npm/jquery-migrate/jquery-migrate.min.js:2:3931
init@https://admin-demo.nopcommerce.com/js/admin.navigation.js:59:11
initOnce@https://admin-demo.nopcommerce.com/js/admin.navigation.js:93:17
init@https://admin-demo.nopcommerce.com/js/admin.search.js:75:30
@https://admin-demo.nopcommerce.com/admin/:158:46
e@https://admin-demo.nopcommerce.com/lib_npm/jquery/jquery.min.js:2:30005
l/</t<@https://admin-demo.nopcommerce.com/lib_npm/jquery/jquery.min.js:2:30307
1630170315727	Marionette	INFO	Stopped listening on port 55324
JavaScript error: resource:///modules/Interactions.jsm, line 209: NS_ERROR_FAILURE: Component returned failure code: 0x80004005 (NS_ERROR_FAILURE) [nsIUserIdleService.removeIdleObserver]

###!!! [Parent][RunMessage] Error: Channel closing: too late to send/recv, messages will be lost

ttings: "get: No settings file exists, new profile?" (new NotFoundError("Could not open the file at C:\\Users\\nilot\\AppData\\Local\\Temp\\rust_mozprofilernPWXv\\search.json.mozlz4", (void 0)))
1630170293399	Marionette	INFO	Listening on port 55386
1630170293422	RemoteAgent	WARN	TLS certificate errors will be ignored for this session
1630170300462	Marionette	INFO	Stopped listening on port 55386
JavaScript error: resource:///modules/Interactions.jsm, line 209: NS_ERROR_FAILURE: Component returned failure code: 0x80004005 (NS_ERROR_FAILURE) [nsIUserIdleService.removeIdleObserver]

###!!! [Parent][RunMessage] Error: Channel closing: too late to send/recv, messages will be lost

